#
# A fatal error has been detected by the Java Runtime Environment:
#
#  EXCEPTION_ACCESS_VIOLATION (0xc0000005) at pc=0x0000000070232a23, pid=10028, tid=0x0000000000000b8c
#
# JRE version: Java(TM) SE Runtime Environment (8.0_102-b14) (build 1.8.0_102-b14)
# Java VM: Java HotSpot(TM) 64-Bit Server VM (25.102-b14 mixed mode windows-amd64 compressed oops)
# Problematic frame:
# V  [jvm.dll+0x112a23]
#
# Failed to write core dump. Minidumps are not enabled by default on client versions of Windows
#
# If you would like to submit a bug report, please visit:
#   http://bugreport.java.com/bugreport/crash.jsp
#

---------------  T H R E A D  ---------------

Current thread (0x0000000002d8c000):  GCTaskThread [stack: 0x0000000012a70000,0x0000000012b70000] [id=2956]

siginfo: ExceptionCode=0xc0000005, reading address 0x00000000fffffffe

Registers:
RAX=0x00000000fffffffe, RBX=0x00000000c220ddd0, RCX=0x0000000000000000, RDX=0x00000000c220ddd0
RSP=0x0000000012b6f2b0, RBP=0x0000000012723081, RSI=0x00000000c222cd64, RDI=0x00000000158f5000
R8 =0x00000000158f5000, R9 =0x00000000fffffffe, R10=0x000000000000000c, R11=0x000000000000000c
R12=0x0000000012723061, R13=0x00000000158f5000, R14=0x0000000002d86f70, R15=0x000000000000000c
RIP=0x0000000070232a23, EFLAGS=0x0000000000010202

Top of Stack: (sp=0x0000000012b6f2b0)
0x0000000012b6f2b0:   00000000c220dac9 00000000c220dac9
0x0000000012b6f2c0:   00000000c220cd40 0000000070234970
0x0000000012b6f2d0:   00000000c220cd49 000000007025a0f6
0x0000000012b6f2e0:   000000001272306a 0000000012723081
0x0000000012b6f2f0:   00000000158f5000 0000000012723061
0x0000000012b6f300:   00000000c220cd50 00000000705101cf
0x0000000012b6f310:   000000001272306a 00000000c220d400
0x0000000012b6f320:   00000000c220d400 00000000f418aa25
0x0000000012b6f330:   0000000012723000 00000000127239a5
0x0000000012b6f340:   0000000000000200 0000000000000000
0x0000000012b6f350:   0000000002d74cf0 0000000002d83520
0x0000000012b6f360:   00000000707737c8 0000000000000000
0x0000000012b6f370:   0000000000000000 0000000015805540
0x0000000012b6f380:   0000000002d8c410 0000000002d8c400
0x0000000012b6f390:   00000000158f5000 00000000705228b2
0x0000000012b6f3a0:   0000000012723000 0000000002d87130 

Instructions: (pc=0x0000000070232a23)
0x0000000070232a03:   28 4c 8b c1 48 85 d2 0f 84 83 00 00 00 44 8b 0a
0x0000000070232a13:   8b 0d 7f bd 68 00 49 d3 e1 4c 03 0d 6d bd 68 00
0x0000000070232a23:   49 8b 01 24 03 3c 03 75 5a 4d 8b 09 80 3d 2a 15
0x0000000070232a33:   69 00 00 74 0f 41 0f b6 c1 24 07 3c 05 75 05 45 


Register to memory mapping:

RAX=0x00000000fffffffe is an unallocated location in the heap
RBX=0x00000000c220ddd0 is pointing into object: 0x00000000c220ddc0
java.lang.invoke.MemberName 
 - klass: 'java/lang/invoke/MemberName'
RCX=0x0000000000000000 is an unknown value
RDX=0x00000000c220ddd0 is pointing into object: 0x00000000c220ddc0
java.lang.invoke.MemberName 
 - klass: 'java/lang/invoke/MemberName'
RSP=0x0000000012b6f2b0 is an unknown value
RBP=0x0000000012723081 is an unknown value
RSI=0x00000000c222cd64 is pointing into object: 0x00000000c222cce8
[C 
 - klass: {type array char}
 - length: 150
RDI=0x00000000158f5000 is an unknown value
R8 =0x00000000158f5000 is an unknown value
R9 =0x00000000fffffffe is an unallocated location in the heap
R10=0x000000000000000c is an unknown value
R11=0x000000000000000c is an unknown value
R12=0x0000000012723061 is an unknown value
R13=0x00000000158f5000 is an unknown value
R14=0x0000000002d86f70 is an unknown value
R15=0x000000000000000c is an unknown value


Stack: [0x0000000012a70000,0x0000000012b70000],  sp=0x0000000012b6f2b0,  free space=1020k
Native frames: (J=compiled Java code, j=interpreted, Vv=VM code, C=native code)
V  [jvm.dll+0x112a23]
V  [jvm.dll+0x13a0f6]
V  [jvm.dll+0x3f01cf]
V  [jvm.dll+0x4028b2]
V  [jvm.dll+0x3f1bce]
V  [jvm.dll+0x29c03a]
C  [msvcr100.dll+0x21d7b]
C  [msvcr100.dll+0x21e17]
C  [KERNEL32.DLL+0x17bd4]
C  [ntdll.dll+0x6ced1]


---------------  P R O C E S S  ---------------

Java Threads: ( => current thread )
  0x0000000019613800 JavaThread "RMI TCP Connection(2)-10.100.100.67" daemon [_thread_blocked, id=10548, stack(0x0000000018b00000,0x0000000018c00000)]
  0x0000000017b37000 JavaThread "RMI Scheduler(0)" daemon [_thread_blocked, id=9988, stack(0x00000000186c0000,0x00000000187c0000)]
  0x0000000017ac4000 JavaThread "RMI TCP Connection(1)-10.100.100.67" daemon [_thread_in_native, id=2060, stack(0x00000000185c0000,0x00000000186c0000)]
  0x0000000017952000 JavaThread "RMI TCP Accept-0" daemon [_thread_in_native, id=10492, stack(0x00000000183c0000,0x00000000184c0000)]
  0x00000000177ca800 JavaThread "Service Thread" daemon [_thread_blocked, id=10896, stack(0x0000000017f80000,0x0000000018080000)]
  0x0000000017323000 JavaThread "C1 CompilerThread2" daemon [_thread_blocked, id=11076, stack(0x0000000017680000,0x0000000017780000)]
  0x000000001731e000 JavaThread "C2 CompilerThread1" daemon [_thread_blocked, id=9644, stack(0x0000000017580000,0x0000000017680000)]
  0x000000001731b000 JavaThread "C2 CompilerThread0" daemon [_thread_blocked, id=10740, stack(0x0000000017480000,0x0000000017580000)]
  0x00000000172d2800 JavaThread "Monitor Ctrl-Break" daemon [_thread_in_native, id=7828, stack(0x0000000017380000,0x0000000017480000)]
  0x0000000015932800 JavaThread "Attach Listener" daemon [_thread_blocked, id=8576, stack(0x0000000016e80000,0x0000000016f80000)]
  0x0000000015931800 JavaThread "Signal Dispatcher" daemon [_thread_blocked, id=10268, stack(0x0000000016d80000,0x0000000016e80000)]
  0x000000001591e800 JavaThread "Finalizer" daemon [_thread_blocked, id=9520, stack(0x0000000016b80000,0x0000000016c80000)]
  0x0000000002e66000 JavaThread "Reference Handler" daemon [_thread_blocked, id=10276, stack(0x0000000016a80000,0x0000000016b80000)]
  0x0000000002d76000 JavaThread "main" [_thread_blocked, id=6488, stack(0x0000000002f70000,0x0000000003070000)]

Other Threads:
  0x00000000158f7800 VMThread [stack: 0x0000000016980000,0x0000000016a80000] [id=9532]
  0x000000001795a800 WatcherThread [stack: 0x00000000184c0000,0x00000000185c0000] [id=10644]

=>0x0000000002d8c000 (exited) GCTaskThread [stack: 0x0000000012a70000,0x0000000012b70000] [id=2956]

VM state:at safepoint (normal execution)

VM Mutex/Monitor currently owned by a thread:  ([mutex/lock_event])
[0x0000000002d72be0] Threads_lock - owner thread: 0x00000000158f7800
[0x0000000002d731e0] Heap_lock - owner thread: 0x0000000002d76000

Heap:
 PSYoungGen      total 90624K, used 83968K [0x00000000eb400000, 0x00000000f4380000, 0x0000000100000000)
  eden space 83968K, 100% used [0x00000000eb400000,0x00000000f0600000,0x00000000f0600000)
  from space 6656K, 0% used [0x00000000f0600000,0x00000000f0600000,0x00000000f0c80000)
  to   space 6144K, 68% used [0x00000000f3d80000,0x00000000f41a14b8,0x00000000f4380000)
 ParOldGen       total 28160K, used 7378K [0x00000000c1c00000, 0x00000000c3780000, 0x00000000eb400000)
  object space 28160K, 26% used [0x00000000c1c00000,0x00000000c2334980,0x00000000c3780000)
 Metaspace       used 25987K, capacity 27606K, committed 27648K, reserved 1073152K
  class space    used 3514K, capacity 3823K, committed 3840K, reserved 1048576K

Card table byte_map: [0x0000000012720000,0x0000000012920000] byte_map_base: 0x0000000012112000

Marking Bits: (ParMarkBitMap*) 0x000000007093a6c0
 Begin Bits: [0x0000000012e70000, 0x0000000013e00000)
 End Bits:   [0x0000000013e00000, 0x0000000014d90000)

Polling page: 0x00000000013d0000

CodeCache: size=245760Kb used=5749Kb max_used=5749Kb free=240010Kb
 bounds [0x0000000003360000, 0x0000000003900000, 0x0000000012360000]
 total_blobs=3245 nmethods=2841 adapters=315
 compilation: enabled

Compilation events (10 events):
Event: 21.732 Thread 0x0000000017323000 2847       1       java.util.BitSet::set (58 bytes)
Event: 21.732 Thread 0x0000000017323000 nmethod 2847 0x00000000038fc3d0 code [0x00000000038fc580, 0x00000000038fca18]
Event: 21.950 Thread 0x0000000017323000 2848       1       org.springframework.boot.web.server.MimeMappings$Mapping::getExtension (5 bytes)
Event: 21.951 Thread 0x0000000017323000 nmethod 2848 0x00000000038fcd10 code [0x00000000038fce60, 0x00000000038fcf70]
Event: 21.951 Thread 0x0000000017323000 2849       1       org.springframework.boot.web.server.MimeMappings$Mapping::getMimeType (5 bytes)
Event: 21.951 Thread 0x0000000017323000 nmethod 2849 0x00000000038fcfd0 code [0x00000000038fd120, 0x00000000038fd230]
Event: 21.974 Thread 0x0000000017323000 2850       1       java.lang.Throwable::<init> (39 bytes)
Event: 21.975 Thread 0x0000000017323000 nmethod 2850 0x00000000038fd290 code [0x00000000038fd400, 0x00000000038fd5c8]
Event: 21.977 Thread 0x0000000017323000 2851       1       ch.qos.logback.core.pattern.Converter::getNext (5 bytes)
Event: 21.977 Thread 0x0000000017323000 nmethod 2851 0x00000000038fd650 code [0x00000000038fd7a0, 0x00000000038fd8b0]

GC Heap History (10 events):
Event: 17.784 GC heap after
Heap after GC invocations=10 (full 0):
 PSYoungGen      total 59392K, used 1898K [0x00000000eb400000, 0x00000000ef480000, 0x0000000100000000)
  eden space 52736K, 0% used [0x00000000eb400000,0x00000000eb400000,0x00000000ee780000)
  from space 6656K, 28% used [0x00000000eee00000,0x00000000eefdabe8,0x00000000ef480000)
  to   space 6656K, 0% used [0x00000000ee780000,0x00000000ee780000,0x00000000eee00000)
 ParOldGen       total 44032K, used 10928K [0x00000000c1c00000, 0x00000000c4700000, 0x00000000eb400000)
  object space 44032K, 24% used [0x00000000c1c00000,0x00000000c26ac0d0,0x00000000c4700000)
 Metaspace       used 19152K, capacity 19962K, committed 20224K, reserved 1067008K
  class space    used 2480K, capacity 2703K, committed 2816K, reserved 1048576K
}
Event: 18.090 GC heap before
{Heap before GC invocations=11 (full 0):
 PSYoungGen      total 59392K, used 54634K [0x00000000eb400000, 0x00000000ef480000, 0x0000000100000000)
  eden space 52736K, 100% used [0x00000000eb400000,0x00000000ee780000,0x00000000ee780000)
  from space 6656K, 28% used [0x00000000eee00000,0x00000000eefdabe8,0x00000000ef480000)
  to   space 6656K, 0% used [0x00000000ee780000,0x00000000ee780000,0x00000000eee00000)
 ParOldGen       total 44032K, used 10928K [0x00000000c1c00000, 0x00000000c4700000, 0x00000000eb400000)
  object space 44032K, 24% used [0x00000000c1c00000,0x00000000c26ac0d0,0x00000000c4700000)
 Metaspace       used 19495K, capacity 20328K, committed 20480K, reserved 1067008K
  class space    used 2533K, capacity 2748K, committed 2816K, reserved 1048576K
Event: 18.094 GC heap after
Heap after GC invocations=11 (full 0):
 PSYoungGen      total 59392K, used 1453K [0x00000000eb400000, 0x00000000f1280000, 0x0000000100000000)
  eden space 52736K, 0% used [0x00000000eb400000,0x00000000eb400000,0x00000000ee780000)
  from space 6656K, 21% used [0x00000000ee780000,0x00000000ee8eb798,0x00000000eee00000)
  to   space 6144K, 0% used [0x00000000f0c80000,0x00000000f0c80000,0x00000000f1280000)
 ParOldGen       total 44032K, used 12036K [0x00000000c1c00000, 0x00000000c4700000, 0x00000000eb400000)
  object space 44032K, 27% used [0x00000000c1c00000,0x00000000c27c11d0,0x00000000c4700000)
 Metaspace       used 19495K, capacity 20328K, committed 20480K, reserved 1067008K
  class space    used 2533K, capacity 2748K, committed 2816K, reserved 1048576K
}
Event: 18.302 GC heap before
{Heap before GC invocations=12 (full 0):
 PSYoungGen      total 59392K, used 54189K [0x00000000eb400000, 0x00000000f1280000, 0x0000000100000000)
  eden space 52736K, 100% used [0x00000000eb400000,0x00000000ee780000,0x00000000ee780000)
  from space 6656K, 21% used [0x00000000ee780000,0x00000000ee8eb798,0x00000000eee00000)
  to   space 6144K, 0% used [0x00000000f0c80000,0x00000000f0c80000,0x00000000f1280000)
 ParOldGen       total 44032K, used 12036K [0x00000000c1c00000, 0x00000000c4700000, 0x00000000eb400000)
  object space 44032K, 27% used [0x00000000c1c00000,0x00000000c27c11d0,0x00000000c4700000)
 Metaspace       used 19642K, capacity 20512K, committed 20736K, reserved 1067008K
  class space    used 2555K, capacity 2784K, committed 2816K, reserved 1048576K
Event: 18.305 GC heap after
Heap after GC invocations=12 (full 0):
 PSYoungGen      total 90112K, used 933K [0x00000000eb400000, 0x00000000f1380000, 0x0000000100000000)
  eden space 83968K, 0% used [0x00000000eb400000,0x00000000eb400000,0x00000000f0600000)
  from space 6144K, 15% used [0x00000000f0c80000,0x00000000f0d694b0,0x00000000f1280000)
  to   space 6656K, 0% used [0x00000000f0600000,0x00000000f0600000,0x00000000f0c80000)
 ParOldGen       total 44032K, used 12612K [0x00000000c1c00000, 0x00000000c4700000, 0x00000000eb400000)
  object space 44032K, 28% used [0x00000000c1c00000,0x00000000c28511d0,0x00000000c4700000)
 Metaspace       used 19642K, capacity 20512K, committed 20736K, reserved 1067008K
  class space    used 2555K, capacity 2784K, committed 2816K, reserved 1048576K
}
Event: 18.670 GC heap before
{Heap before GC invocations=13 (full 0):
 PSYoungGen      total 90112K, used 48687K [0x00000000eb400000, 0x00000000f1380000, 0x0000000100000000)
  eden space 83968K, 56% used [0x00000000eb400000,0x00000000ee2a2ab8,0x00000000f0600000)
  from space 6144K, 15% used [0x00000000f0c80000,0x00000000f0d694b0,0x00000000f1280000)
  to   space 6656K, 0% used [0x00000000f0600000,0x00000000f0600000,0x00000000f0c80000)
 ParOldGen       total 44032K, used 12612K [0x00000000c1c00000, 0x00000000c4700000, 0x00000000eb400000)
  object space 44032K, 28% used [0x00000000c1c00000,0x00000000c28511d0,0x00000000c4700000)
 Metaspace       used 20329K, capacity 21174K, committed 21296K, reserved 1067008K
  class space    used 2651K, capacity 2869K, committed 2944K, reserved 1048576K
Event: 18.673 GC heap after
Heap after GC invocations=13 (full 0):
 PSYoungGen      total 90624K, used 1651K [0x00000000eb400000, 0x00000000f4380000, 0x0000000100000000)
  eden space 83968K, 0% used [0x00000000eb400000,0x00000000eb400000,0x00000000f0600000)
  from space 6656K, 24% used [0x00000000f0600000,0x00000000f079ced8,0x00000000f0c80000)
  to   space 6144K, 0% used [0x00000000f3d80000,0x00000000f3d80000,0x00000000f4380000)
 ParOldGen       total 44032K, used 13028K [0x00000000c1c00000, 0x00000000c4700000, 0x00000000eb400000)
  object space 44032K, 29% used [0x00000000c1c00000,0x00000000c28b91d0,0x00000000c4700000)
 Metaspace       used 20329K, capacity 21174K, committed 21296K, reserved 1067008K
  class space    used 2651K, capacity 2869K, committed 2944K, reserved 1048576K
}
Event: 18.673 GC heap before
{Heap before GC invocations=14 (full 1):
 PSYoungGen      total 90624K, used 1651K [0x00000000eb400000, 0x00000000f4380000, 0x0000000100000000)
  eden space 83968K, 0% used [0x00000000eb400000,0x00000000eb400000,0x00000000f0600000)
  from space 6656K, 24% used [0x00000000f0600000,0x00000000f079ced8,0x00000000f0c80000)
  to   space 6144K, 0% used [0x00000000f3d80000,0x00000000f3d80000,0x00000000f4380000)
 ParOldGen       total 44032K, used 13028K [0x00000000c1c00000, 0x00000000c4700000, 0x00000000eb400000)
  object space 44032K, 29% used [0x00000000c1c00000,0x00000000c28b91d0,0x00000000c4700000)
 Metaspace       used 20329K, capacity 21174K, committed 21296K, reserved 1067008K
  class space    used 2651K, capacity 2869K, committed 2944K, reserved 1048576K
Event: 18.720 GC heap after
Heap after GC invocations=14 (full 1):
 PSYoungGen      total 90624K, used 0K [0x00000000eb400000, 0x00000000f4380000, 0x0000000100000000)
  eden space 83968K, 0% used [0x00000000eb400000,0x00000000eb400000,0x00000000f0600000)
  from space 6656K, 0% used [0x00000000f0600000,0x00000000f0600000,0x00000000f0c80000)
  to   space 6144K, 0% used [0x00000000f3d80000,0x00000000f3d80000,0x00000000f4380000)
 ParOldGen       total 28160K, used 7378K [0x00000000c1c00000, 0x00000000c3780000, 0x00000000eb400000)
  object space 28160K, 26% used [0x00000000c1c00000,0x00000000c2334980,0x00000000c3780000)
 Metaspace       used 20327K, capacity 21168K, committed 21296K, reserved 1067008K
  class space    used 2650K, capacity 2868K, committed 2944K, reserved 1048576K
}
Event: 21.985 GC heap before
{Heap before GC invocations=15 (full 1):
 PSYoungGen      total 90624K, used 83968K [0x00000000eb400000, 0x00000000f4380000, 0x0000000100000000)
  eden space 83968K, 100% used [0x00000000eb400000,0x00000000f0600000,0x00000000f0600000)
  from space 6656K, 0% used [0x00000000f0600000,0x00000000f0600000,0x00000000f0c80000)
  to   space 6144K, 0% used [0x00000000f3d80000,0x00000000f3d80000,0x00000000f4380000)
 ParOldGen       total 28160K, used 7378K [0x00000000c1c00000, 0x00000000c3780000, 0x00000000eb400000)
  object space 28160K, 26% used [0x00000000c1c00000,0x00000000c2334980,0x00000000c3780000)
 Metaspace       used 25987K, capacity 27606K, committed 27648K, reserved 1073152K
  class space    used 3514K, capacity 3823K, committed 3840K, reserved 1048576K

Deoptimization events (0 events):
No events

Internal exceptions (10 events):
Event: 21.164 Thread 0x0000000002d76000 Exception <a 'java/lang/ArrayIndexOutOfBoundsException'> (0x00000000ef690220) thrown at [C:\re\workspace\8-2-build-windows-amd64-cygwin\jdk8u102\7268\hotspot\src\share\vm\runtime\sharedRuntime.cpp, line 605]
Event: 21.165 Thread 0x0000000002d76000 Exception <a 'java/lang/ArrayIndexOutOfBoundsException'> (0x00000000ef691568) thrown at [C:\re\workspace\8-2-build-windows-amd64-cygwin\jdk8u102\7268\hotspot\src\share\vm\runtime\sharedRuntime.cpp, line 605]
Event: 21.165 Thread 0x0000000002d76000 Exception <a 'java/lang/ArrayIndexOutOfBoundsException'> (0x00000000ef69c058) thrown at [C:\re\workspace\8-2-build-windows-amd64-cygwin\jdk8u102\7268\hotspot\src\share\vm\runtime\sharedRuntime.cpp, line 605]
Event: 21.175 Thread 0x0000000002d76000 Exception <a 'java/lang/IncompatibleClassChangeError': Found class java.lang.Object, but interface was expected> (0x00000000ef72ee90) thrown at [C:\re\workspace\8-2-build-windows-amd64-cygwin\jdk8u102\7268\hotspot\src\share\vm\interpreter\linkResolver.cpp,s\aloke\0^²OLZ
Event: 21.175 Thread 0x0000000002d76000 Exception <a 'java/lang/ArrayIndexOutOfBoundsException'> (0x00000000ef734618) thrown at [C:\re\workspace\8-2-build-windows-amd64-cygwin\jdk8u102\7268\hotspot\src\share\vm\runtime\sharedRuntime.cpp, line 605]
Event: 21.176 Thread 0x0000000002d76000 Exception <a 'java/lang/ArrayIndexOutOfBoundsException'> (0x00000000ef7408e8) thrown at [C:\re\workspace\8-2-build-windows-amd64-cygwin\jdk8u102\7268\hotspot\src\share\vm\runtime\sharedRuntime.cpp, line 605]
Event: 21.179 Thread 0x0000000002d76000 Exception <a 'java/lang/NoSuchMethodError': java.lang.Object.lambda$and$0(Ljava/util/function/Predicate;Ljava/lang/Object;)Z> (0x00000000ef7763f8) thrown at [C:\re\workspace\8-2-build-windows-amd64-cygwin\jdk8u102\7268\hotspot\src\share\vm\interpreter\link¼¡:gU15@
Event: 21.193 Thread 0x0000000002d76000 Exception <a 'java/lang/ArrayIndexOutOfBoundsException'> (0x00000000ef839688) thrown at [C:\re\workspace\8-2-build-windows-amd64-cygwin\jdk8u102\7268\hotspot\src\share\vm\runtime\sharedRuntime.cpp, line 605]
Event: 21.300 Thread 0x0000000002d76000 Exception <a 'java/lang/ArrayIndexOutOfBoundsException'> (0x00000000efb30db0) thrown at [C:\re\workspace\8-2-build-windows-amd64-cygwin\jdk8u102\7268\hotspot\src\share\vm\runtime\sharedRuntime.cpp, line 605]
Event: 21.300 Thread 0x0000000002d76000 Exception <a 'java/lang/ArrayIndexOutOfBoundsException'> (0x00000000efb320f8) thrown at [C:\re\workspace\8-2-build-windows-amd64-cygwin\jdk8u102\7268\hotspot\src\share\vm\runtime\sharedRuntime.cpp, line 605]

Events (10 events):
Event: 21.978 loading class org/springframework/boot/web/embedded/tomcat/TomcatWebServer done
Event: 21.979 loading class org/apache/tomcat/util/threads/TaskThreadFactory
Event: 21.979 loading class org/apache/tomcat/util/threads/TaskThreadFactory done
Event: 21.981 loading class org/apache/tomcat/util/threads/ScheduledThreadPoolExecutor
Event: 21.981 loading class org/apache/tomcat/util/threads/ScheduledThreadPoolExecutor done
Event: 21.982 loading class org/apache/tomcat/util/buf/StringCache
Event: 21.982 loading class org/apache/tomcat/util/buf/StringCache done
Event: 21.984 loading class org/apache/catalina/mbeans/MBeanFactory
Event: 21.984 loading class org/apache/catalina/mbeans/MBeanFactory done
Event: 21.985 Executing VM operation: ParallelGCFailedAllocation


Dynamic libraries:
0x00007ff620400000 - 0x00007ff620437000 	C:\Program Files\Java\jdk1.8.0_102\bin\java.exe
0x00007ffb28b40000 - 0x00007ffb28d30000 	C:\WINDOWS\SYSTEM32\ntdll.dll
0x00007ffb28a40000 - 0x00007ffb28af2000 	C:\WINDOWS\System32\KERNEL32.DLL
0x00007ffb26420000 - 0x00007ffb266c3000 	C:\WINDOWS\System32\KERNELBASE.dll
0x00007ffb280d0000 - 0x00007ffb28173000 	C:\WINDOWS\System32\ADVAPI32.dll
0x00007ffb27020000 - 0x00007ffb270be000 	C:\WINDOWS\System32\msvcrt.dll
0x00007ffb28390000 - 0x00007ffb28427000 	C:\WINDOWS\System32\sechost.dll
0x00007ffb28180000 - 0x00007ffb282a0000 	C:\WINDOWS\System32\RPCRT4.dll
0x00007ffb288a0000 - 0x00007ffb28a34000 	C:\WINDOWS\System32\USER32.dll
0x00007ffb26a60000 - 0x00007ffb26a81000 	C:\WINDOWS\System32\win32u.dll
0x00007ffb26e90000 - 0x00007ffb26eb6000 	C:\WINDOWS\System32\GDI32.dll
0x00007ffb268c0000 - 0x00007ffb26a54000 	C:\WINDOWS\System32\gdi32full.dll
0x00007ffb26820000 - 0x00007ffb268be000 	C:\WINDOWS\System32\msvcp_win.dll
0x00007ffb25ba0000 - 0x00007ffb25c9a000 	C:\WINDOWS\System32\ucrtbase.dll
0x00007ffb19d80000 - 0x00007ffb1a005000 	C:\WINDOWS\WinSxS\amd64_microsoft.windows.common-controls_6595b64144ccf1df_6.0.18362.535_none_e6c3b34713100821\COMCTL32.dll
0x00007ffb27d20000 - 0x00007ffb28056000 	C:\WINDOWS\System32\combase.dll
0x00007ffb26a90000 - 0x00007ffb26b10000 	C:\WINDOWS\System32\bcryptPrimitives.dll
0x00007ffb26e60000 - 0x00007ffb26e8e000 	C:\WINDOWS\System32\IMM32.DLL
0x00007ffb14fb0000 - 0x00007ffb150b8000 	C:\Program Files (x86)\Citrix\ICA Client\epclient64.dll
0x00007ffb236b0000 - 0x00007ffb236e1000 	C:\WINDOWS\SYSTEM32\ntmarta.dll
0x00007ffb26bc0000 - 0x00007ffb26be6000 	C:\WINDOWS\System32\bcrypt.dll
0x00000000709c0000 - 0x0000000070a91000 	C:\Program Files\Java\jdk1.8.0_102\jre\bin\msvcr100.dll
0x0000000070120000 - 0x00000000709ba000 	C:\Program Files\Java\jdk1.8.0_102\jre\bin\server\jvm.dll
0x00007ffb27d10000 - 0x00007ffb27d18000 	C:\WINDOWS\System32\PSAPI.DLL
0x00007ffb254b0000 - 0x00007ffb254b9000 	C:\WINDOWS\SYSTEM32\WSOCK32.dll
0x00007ffb28060000 - 0x00007ffb280cf000 	C:\WINDOWS\System32\WS2_32.dll
0x00007ffb1fa00000 - 0x00007ffb1fa24000 	C:\WINDOWS\SYSTEM32\WINMM.dll
0x00007ffb1b470000 - 0x00007ffb1b47a000 	C:\WINDOWS\SYSTEM32\VERSION.dll
0x00007ffb1f9d0000 - 0x00007ffb1f9fd000 	C:\WINDOWS\SYSTEM32\WINMMBASE.dll
0x00007ffb26b10000 - 0x00007ffb26b5a000 	C:\WINDOWS\System32\cfgmgr32.dll
0x0000000070110000 - 0x000000007011f000 	C:\Program Files\Java\jdk1.8.0_102\jre\bin\verify.dll
0x00000000700e0000 - 0x0000000070109000 	C:\Program Files\Java\jdk1.8.0_102\jre\bin\java.dll
0x0000000070050000 - 0x0000000070073000 	C:\Program Files\Java\jdk1.8.0_102\jre\bin\instrument.dll
0x00000000700c0000 - 0x00000000700d6000 	C:\Program Files\Java\jdk1.8.0_102\jre\bin\zip.dll
0x00007ffb27500000 - 0x00007ffb27be5000 	C:\WINDOWS\System32\SHELL32.dll
0x00007ffb27bf0000 - 0x00007ffb27c99000 	C:\WINDOWS\System32\shcore.dll
0x00007ffb25ca0000 - 0x00007ffb2641f000 	C:\WINDOWS\System32\windows.storage.dll
0x00007ffb25a40000 - 0x00007ffb25a5f000 	C:\WINDOWS\System32\profapi.dll
0x00007ffb25a60000 - 0x00007ffb25aaa000 	C:\WINDOWS\System32\powrprof.dll
0x00007ffb25a10000 - 0x00007ffb25a20000 	C:\WINDOWS\System32\UMPDC.dll
0x00007ffb27300000 - 0x00007ffb27352000 	C:\WINDOWS\System32\shlwapi.dll
0x00007ffb25ab0000 - 0x00007ffb25ac1000 	C:\WINDOWS\System32\kernel.appcore.dll
0x00007ffb25b80000 - 0x00007ffb25b97000 	C:\WINDOWS\System32\cryptsp.dll
0x00007ffb20c40000 - 0x00007ffb20c5a000 	C:\Program Files\JetBrains\IntelliJ IDEA 2019.2.3\bin\breakgen64.dll
0x00000000700a0000 - 0x00000000700ba000 	C:\Program Files\Java\jdk1.8.0_102\jre\bin\net.dll
0x00007ffb23e90000 - 0x00007ffb23ef7000 	C:\WINDOWS\system32\mswsock.dll
0x00007ffb23be0000 - 0x00007ffb23caa000 	C:\WINDOWS\SYSTEM32\DNSAPI.dll
0x00007ffb26e50000 - 0x00007ffb26e58000 	C:\WINDOWS\System32\NSI.dll
0x00007ffb23ba0000 - 0x00007ffb23bda000 	C:\WINDOWS\SYSTEM32\IPHLPAPI.DLL
0x00007ffb1d290000 - 0x00007ffb1d29a000 	C:\Windows\System32\rasadhlp.dll
0x00007ffb1f6f0000 - 0x00007ffb1f767000 	C:\WINDOWS\System32\fwpuclnt.dll
0x0000000070040000 - 0x000000007004d000 	C:\Program Files\Java\jdk1.8.0_102\jre\bin\management.dll
0x0000000070080000 - 0x0000000070091000 	C:\Program Files\Java\jdk1.8.0_102\jre\bin\nio.dll
0x00007ffb23a00000 - 0x00007ffb23a33000 	C:\WINDOWS\system32\rsaenh.dll
0x00007ffb245a0000 - 0x00007ffb245c5000 	C:\WINDOWS\SYSTEM32\USERENV.dll
0x00007ffb24060000 - 0x00007ffb2406c000 	C:\WINDOWS\SYSTEM32\CRYPTBASE.dll
0x00007ffb1d130000 - 0x00007ffb1d146000 	C:\WINDOWS\SYSTEM32\dhcpcsvc6.DLL
0x00007ffb1d170000 - 0x00007ffb1d18c000 	C:\WINDOWS\SYSTEM32\dhcpcsvc.DLL
0x00007ffb25490000 - 0x00007ffb254a6000 	C:\WINDOWS\system32\napinsp.dll
0x00007ffb24900000 - 0x00007ffb2491a000 	C:\WINDOWS\system32\pnrpnsp.dll
0x00007ffb248f0000 - 0x00007ffb248fe000 	C:\WINDOWS\System32\winrnr.dll
0x00007ffb20be0000 - 0x00007ffb20bfc000 	C:\WINDOWS\system32\NLAapi.dll
0x00007ffb248d0000 - 0x00007ffb248e5000 	C:\WINDOWS\system32\wshbth.dll
0x00007ffb22df0000 - 0x00007ffb22fe4000 	C:\WINDOWS\SYSTEM32\dbghelp.dll

VM Arguments:
jvm_args: -XX:TieredStopAtLevel=1 -Xverify:none -Dspring.output.ansi.enabled=always -Dcom.sun.management.jmxremote -Dspring.jmx.enabled=true -Dspring.liveBeansView.mbeanDomain -Dspring.application.admin.enabled=true -javaagent:C:\Program Files\JetBrains\IntelliJ IDEA 2019.2.3\lib\idea_rt.jar=65010:C:\Program Files\JetBrains\IntelliJ IDEA 2019.2.3\bin -Dfile.encoding=UTF-8 
java_command: guru.springframework.spring5webapp.Spring5webappApplication
java_class_path (initial): C:\Program Files\Java\jdk1.8.0_102\jre\lib\charsets.jar;C:\Program Files\Java\jdk1.8.0_102\jre\lib\deploy.jar;C:\Program Files\Java\jdk1.8.0_102\jre\lib\ext\access-bridge-64.jar;C:\Program Files\Java\jdk1.8.0_102\jre\lib\ext\cldrdata.jar;C:\Program Files\Java\jdk1.8.0_102\jre\lib\ext\dnsns.jar;C:\Program Files\Java\jdk1.8.0_102\jre\lib\ext\jaccess.jar;C:\Program Files\Java\jdk1.8.0_102\jre\lib\ext\jfxrt.jar;C:\Program Files\Java\jdk1.8.0_102\jre\lib\ext\localedata.jar;C:\Program Files\Java\jdk1.8.0_102\jre\lib\ext\nashorn.jar;C:\Program Files\Java\jdk1.8.0_102\jre\lib\ext\sunec.jar;C:\Program Files\Java\jdk1.8.0_102\jre\lib\ext\sunjce_provider.jar;C:\Program Files\Java\jdk1.8.0_102\jre\lib\ext\sunmscapi.jar;C:\Program Files\Java\jdk1.8.0_102\jre\lib\ext\sunpkcs11.jar;C:\Program Files\Java\jdk1.8.0_102\jre\lib\ext\zipfs.jar;C:\Program Files\Java\jdk1.8.0_102\jre\lib\javaws.jar;C:\Program Files\Java\jdk1.8.0_102\jre\lib\jce.jar;C:\Program Files\Java\jdk1.8.0_102\jre\lib\jfr.jar;C:\Program Files\Java\jdk1.8.0_102\jre\lib\jfxswt.jar;C:\Program Files\Java\jdk1.8.0_102\jre\lib\jsse.jar;C:\Program Files\Java\jdk1.8.0_102\jre\lib\management-agent.jar;C:\Program Files\Java\jdk1.8.0_102\jre\lib\plugin.jar;C:\Program Files\Java\jdk1.8.0_102\jre\lib\resources.jar;C:\Program Files\Java\jdk1.8.0_102\jre\lib\rt.jar;E:\Angular_learn\spring5webapp\target\classes;C:\Users\aloke\.m2\repository\org\springframework\boot\spring-boot-starter-actuator\2.3.1.RELEASE\spring-boot-starter-actuator-2.3.1.RELEASE.jar;C:\Users\aloke\.m2\repository\org\springframework\boot\spring-boot-starter\2.3.1.RELEASE\spring-boot-starter-2.3.1.RELEASE.jar;C:\Users\aloke\.m2\repository\org\springframework\boot\spring-boot\2.3.1.RELEASE\spring-boot-2.3.1.RELEASE.jar;C:\Users\aloke\.m2\repository\org\springframework\boot\spring-boot-autoconfigure\2.3.1.RELEASE\spring-boot-autoconfigure-2.3.1.RELEASE.jar;C:\Users\aloke\.m2\repository\org\springframework\boot\spring-boot-starter-loggin
Launcher Type: SUN_STANDARD

Environment Variables:
JAVA_HOME=C:\Program Files\Java\jdk1.8.0_102
PATH=C:\oraclexe\app\oracle\product\11.2.0\server\bin;C:\ProgramData\Oracle\Java\javapath;C:\Windows\system32;C:\Windows;C:\Windows\System32\Wbem;C:\Windows\System32\WindowsPowerShell\v1.0\;C:\WINDOWS\system32;C:\WINDOWS;C:\WINDOWS\System32\Wbem;C:\WINDOWS\System32\WindowsPowerShell\v1.0\;C:\Program Files\PuTTY\;C:\Program Files (x86)\CodeBlocks\MinGW\bin;C:\WINDOWS\System32\OpenSSH\;C:\Program Files\nodejs\;F:\python\python\Scripts\;F:\python\python\;C:\Users\aloke\AppData\Local\Programs\Python\Python37\Scripts\;C:\Users\aloke\AppData\Local\Programs\Python\Python37\;;C:\Users\aloke\AppData\Local\Microsoft\WindowsApps;C:\Users\aloke\AppData\Roaming\npm;C:\Users\aloke\AppData\Local\Programs\Microsoft VS Code\bin
USERNAME=aloke
OS=Windows_NT
PROCESSOR_IDENTIFIER=Intel64 Family 6 Model 60 Stepping 3, GenuineIntel



---------------  S Y S T E M  ---------------

OS: Windows 10.0 , 64 bit Build 18362 (10.0.18362.329)

CPU:total 4 (2 cores per cpu, 2 threads per core) family 6 model 60 stepping 3, cmov, cx8, fxsr, mmx, sse, sse2, sse3, ssse3, sse4.1, sse4.2, popcnt, avx, avx2, aes, clmul, erms, lzcnt, ht, tsc, tscinvbit, bmi1, bmi2

Memory: 4k page, physical 4079604k(306300k free), swap 7225332k(1693248k free)

vm_info: Java HotSpot(TM) 64-Bit Server VM (25.102-b14) for windows-amd64 JRE (1.8.0_102-b14), built on Jun 22 2016 13:15:21 by "java_re" with MS VC++ 10.0 (VS2010)

time: Thu Jun 18 16:25:28 2020
elapsed time: 22 seconds (0d 0h 0m 22s)

